<?xml version="1.0" encoding="UTF-8"?>
<!-- Generated by org.testng.reporters.JUnitXMLReporter -->
<testsuite ignored="0" hostname="Gulshan" failures="2" tests="2" name="Error Validation Test" time="21.25" errors="0" timestamp="2025-08-07T11:12:25 IST">
  <testcase classname="org.zasya.AutoPractice.ErrorHandling" name="LoginErrorValidation" time="1.134">
    <failure type="java.lang.AssertionError" message="expected [Incorrect email or password.] but found [Incorrect email or passwor]">
      <![CDATA[java.lang.AssertionError: expected [Incorrect email or password.] but found [Incorrect email or passwor]
at org.zasya.AutoPractice.ErrorHandling.LoginErrorValidation(ErrorHandling.java:20)
at java.base/java.util.ArrayList.forEach(ArrayList.java:1511)
at java.base/java.util.concurrent.FutureTask.run(FutureTask.java:264)
at java.base/java.util.concurrent.ThreadPoolExecutor.runWorker(ThreadPoolExecutor.java:1136)
at java.base/java.util.concurrent.ThreadPoolExecutor$Worker.run(ThreadPoolExecutor.java:635)
at java.base/java.lang.Thread.run(Thread.java:833)
... Removed 23 stack frames]]>
    </failure>
  </testcase> <!-- LoginErrorValidation -->
  <testcase classname="org.zasya.AutoPractice.ErrorHandling" name="ProductErrorValidation" time="8.31">
    <failure type="java.lang.AssertionError" message="❌ Product &amp;apos;IPHONE 13 PRO&amp;apos; not found in Cart Page expected [true] but found [false]">
      <![CDATA[java.lang.AssertionError: ❌ Product 'IPHONE 13 PRO' not found in Cart Page expected [true] but found [false]
at org.zasya.AutoPractice.ErrorHandling.ProductErrorValidation(ErrorHandling.java:40)
at java.base/java.util.ArrayList.forEach(ArrayList.java:1511)
at java.base/java.util.concurrent.FutureTask.run(FutureTask.java:264)
at java.base/java.util.concurrent.ThreadPoolExecutor.runWorker(ThreadPoolExecutor.java:1136)
at java.base/java.util.concurrent.ThreadPoolExecutor$Worker.run(ThreadPoolExecutor.java:635)
at java.base/java.lang.Thread.run(Thread.java:833)
... Removed 20 stack frames]]>
    </failure>
  </testcase> <!-- ProductErrorValidation -->
</testsuite> <!-- Error Validation Test -->
