<?xml version="1.0" encoding="UTF-8"?>
<!-- Generated by org.testng.reporters.JUnitXMLReporter -->
<testsuite ignored="0" hostname="Gulshan" failures="2" tests="2" name="Error Validation Test" time="15.905" errors="0" timestamp="2025-08-08T10:13:57 IST">
  <testcase classname="org.zasya.AutoPractice.ErrorHandling" name="LoginErrorValidation" time="0.585">
    <failure type="java.lang.AssertionError" message="expected [Incorrect email or password.] but found [Incorrect email or passwor]">
      <![CDATA[java.lang.AssertionError: expected [Incorrect email or password.] but found [Incorrect email or passwor]
at org.zasya.AutoPractice.ErrorHandling.LoginErrorValidation(ErrorHandling.java:20)
at java.base/java.util.ArrayList.forEach(ArrayList.java:1596)
at java.base/java.util.concurrent.FutureTask.run(FutureTask.java:317)
at java.base/java.util.concurrent.ThreadPoolExecutor.runWorker(ThreadPoolExecutor.java:1144)
at java.base/java.util.concurrent.ThreadPoolExecutor$Worker.run(ThreadPoolExecutor.java:642)
at java.base/java.lang.Thread.run(Thread.java:1583)
... Removed 21 stack frames]]>
    </failure>
  </testcase> <!-- LoginErrorValidation -->
  <testcase classname="org.zasya.AutoPractice.ErrorHandling" name="ProductErrorValidation" time="8.285">
    <failure type="java.lang.AssertionError" message="❌ Product &amp;apos;IPHONE 13 PRO&amp;apos; not found in Cart Page expected [true] but found [false]">
      <![CDATA[java.lang.AssertionError: ❌ Product 'IPHONE 13 PRO' not found in Cart Page expected [true] but found [false]
at org.zasya.AutoPractice.ErrorHandling.ProductErrorValidation(ErrorHandling.java:40)
at java.base/java.util.ArrayList.forEach(ArrayList.java:1596)
at java.base/java.util.concurrent.FutureTask.run(FutureTask.java:317)
at java.base/java.util.concurrent.ThreadPoolExecutor.runWorker(ThreadPoolExecutor.java:1144)
at java.base/java.util.concurrent.ThreadPoolExecutor$Worker.run(ThreadPoolExecutor.java:642)
at java.base/java.lang.Thread.run(Thread.java:1583)
... Removed 18 stack frames]]>
    </failure>
  </testcase> <!-- ProductErrorValidation -->
</testsuite> <!-- Error Validation Test -->
